-------------------------------------------------------------------------------
Test set: lisp.LispInterpreterTest
-------------------------------------------------------------------------------
Tests run: 9, Failures: 1, Errors: 0, Skipped: 0, Time elapsed: 0.027 s <<< FAILURE! - in lisp.LispInterpreterTest
lisp.LispInterpreterTest.testConditionals  Time elapsed: 0.001 s  <<< FAILURE!
org.opentest4j.AssertionFailedError: expected: <verdadero> but was: <"verdadero">
	at lisp.LispInterpreterTest.testConditionals(LispInterpreterTest.java:76)

