<?xml version="1.0" encoding="UTF-8"?>
<testsuite xmlns:xsi="http://www.w3.org/2001/XMLSchema-instance" xsi:noNamespaceSchemaLocation="https://maven.apache.org/surefire/maven-surefire-plugin/xsd/surefire-test-report-3.0.xsd" version="3.0" name="lisp.LispParserTest" time="0.022" tests="12" errors="0" skipped="0" failures="0">
  <properties>
[...]
</properties>
  <testcase name="testParseNestedExpressions" classname="lisp.LispParserTest" time="0.008"/>
  <testcase name="testParseSimpleExpressions" classname="lisp.LispParserTest" time="0"/>
  <testcase name="testParseEmptyList" classname="lisp.LispParserTest" time="0"/>
  <testcase name="testPrintResult" classname="lisp.LispParserTest" time="0">
    <system-out><![CDATA[Salida 1: [+ 1 2]
Salida 2: [+ 1 [* 2 3]]
]]></system-out>
  </testcase>
  <testcase name="testParseQuoteExpressions" classname="lisp.LispParserTest" time="0"/>
  <testcase name="testParseInvalidNumber" classname="lisp.LispParserTest" time="0"/>
  <testcase name="testParseMissingParenthesis" classname="lisp.LispParserTest" time="0.001"/>
  <testcase name="testParseExtraParenthesis" classname="lisp.LispParserTest" time="0"/>
  <testcase name="testParseNumbers" classname="lisp.LispParserTest" time="0.001"/>
  <testcase name="testParseSymbols" classname="lisp.LispParserTest" time="0.001"/>
  <testcase name="testDebugParser" classname="lisp.LispParserTest" time="0">
    <system-out><![CDATA[Estructura devuelta por el parser: [+, 1, [*, 2, 3]]
]]></system-out>
  </testcase>
  <testcase name="testParseEmptyInput" classname="lisp.LispParserTest" time="0"/>
</testsuite>